<?xml version="1.0" encoding="UTF-8"?>
<testsuite name="tpo.domain.IntrusionDomainTest" tests="16" skipped="0" failures="0" errors="0" timestamp="2026-02-15T15:25:25.145Z" hostname="fedora" time="0.019">
  <properties/>
  <testcase name="Нарушители распахивают все двери" classname="tpo.domain.IntrusionDomainTest" time="0.004"/>
  <testcase name="Ошибка: список нарушителей содержит null" classname="tpo.domain.IntrusionDomainTest" time="0.002"/>
  <testcase name="Принадлежность зафиксирована: Круксванский университет" classname="tpo.domain.IntrusionDomainTest" time="0.001"/>
  <testcase name="Ошибка: пустой список нарушителей" classname="tpo.domain.IntrusionDomainTest" time="0.001"/>
  <testcase name="Ошибка: в комнате нет дверей" classname="tpo.domain.IntrusionDomainTest" time="0.001"/>
  <testcase name="Открытая дверь может закрываться" classname="tpo.domain.IntrusionDomainTest" time="0.0"/>
  <testcase name="До вторжения в комнате только лакеи" classname="tpo.domain.IntrusionDomainTest" time="0.001"/>
  <testcase name="Ошибка: null-список нарушителей" classname="tpo.domain.IntrusionDomainTest" time="0.0"/>
  <testcase name="После вторжения в комнате 4 человека" classname="tpo.domain.IntrusionDomainTest" time="0.0"/>
  <testcase name="Ошибка: null-комната" classname="tpo.domain.IntrusionDomainTest" time="0.0"/>
  <testcase name="Нарушители остаются сердитыми" classname="tpo.domain.IntrusionDomainTest" time="0.0"/>
  <testcase name="Лакеи оттолкнуты" classname="tpo.domain.IntrusionDomainTest" time="0.0"/>
  <testcase name="Нарушители в выцветших синих балахонах с поясами" classname="tpo.domain.IntrusionDomainTest" time="0.0"/>
  <testcase name="Ошибка: null-список защитников" classname="tpo.domain.IntrusionDomainTest" time="0.001"/>
  <testcase name="Ошибка: пустой список защитников" classname="tpo.domain.IntrusionDomainTest" time="0.001"/>
  <testcase name="При активации события поднимается шум" classname="tpo.domain.IntrusionDomainTest" time="0.0"/>
  <system-out><![CDATA[]]></system-out>
  <system-err><![CDATA[]]></system-err>
</testsuite>
