<?xml version="1.0" encoding="UTF-8"?>
<testsuite name="tpo.bubblesort.BubbleSorterTest" tests="4" skipped="0" failures="0" errors="0" timestamp="2026-02-15T15:25:25.122Z" hostname="fedora" time="0.02">
  <properties/>
  <testcase name="Обратный порядок - максимальные свапы" classname="tpo.bubblesort.BubbleSorterTest" time="0.016"/>
  <testcase name="Все элементы равны - ранний выход" classname="tpo.bubblesort.BubbleSorterTest" time="0.001"/>
  <testcase name="Уже отсортированный массив - ранний выход" classname="tpo.bubblesort.BubbleSorterTest" time="0.001"/>
  <testcase name="Дубликаты - без лишних свапов" classname="tpo.bubblesort.BubbleSorterTest" time="0.0"/>
  <system-out><![CDATA[]]></system-out>
  <system-err><![CDATA[]]></system-err>
</testsuite>
